app/build/intermediates/manifest_merge_blame_file/release/manifest-merger-blame-release-report.txt
1<?xml version="1.0" encoding="utf-8"?>
2<manifest xmlns:android="http://schemas.android.com/apk/res/android"
3    package="com.rpmnetworks.uitset"
4    android:versionCode="1"
5    android:versionName="1.0" >
6
7    <uses-sdk
8        android:minSdkVersion="23"
8-->src\main\AndroidManifest.xml
9        android:targetSdkVersion="31" />
9-->src\main\AndroidManifest.xml
10
11    <application
11-->src\main\AndroidManifest.xml:5:5-26:19
12        android:allowBackup="true"
12-->src\main\AndroidManifest.xml:6:9-35
13        android:appComponentFactory="androidx.core.app.CoreComponentFactory"
13-->[androidx.core:core:1.7.0] AndroidManifest.xml:24:18-86
14        android:extractNativeLibs="false"
15        android:icon="@drawable/ic_launcher"
15-->src\main\AndroidManifest.xml:7:9-45
16        android:label="@string/app_name"
16-->src\main\AndroidManifest.xml:8:9-41
17        android:roundIcon="@drawable/ic_launcher"
17-->src\main\AndroidManifest.xml:9:9-50
18        android:supportsRtl="true" >
18-->src\main\AndroidManifest.xml:10:9-35
19        <activity
19-->src\main\AndroidManifest.xml:13:9-21:20
20            android:name="com.rpmnetworks.uitset.MainActivity"
20-->src\main\AndroidManifest.xml:14:13-41
21            android:exported="true"
21-->src\main\AndroidManifest.xml:16:13-36
22            android:label="@string/app_name" >
22-->src\main\AndroidManifest.xml:15:13-45
23            <intent-filter>
23-->src\main\AndroidManifest.xml:17:13-20:29
24                <action android:name="android.intent.action.MAIN" />
24-->src\main\AndroidManifest.xml:18:17-69
24-->src\main\AndroidManifest.xml:18:25-66
25
26                <category android:name="android.intent.category.LAUNCHER" />
26-->src\main\AndroidManifest.xml:19:17-77
26-->src\main\AndroidManifest.xml:19:27-74
27            </intent-filter>
28        </activity>
29        <activity android:name="com.rpmnetworks.uitset.ShowTextActivity" />
29-->src\main\AndroidManifest.xml:23:9-53
29-->src\main\AndroidManifest.xml:23:19-51
30    </application>
31
32</manifest>